<?xml version="1.0" encoding="UTF-8"?>
<!-- Generated by org.testng.reporters.JUnitReportReporter -->
<testsuite skipped="0" hostname="dell" name="test.demoA" tests="1" failures="0" timestamp="22 Jan 2021 10:59:37 GMT" time="0.027" errors="0">
  <testcase name="test" time="0.027" classname="test.demoA"/>
</testsuite> <!-- test.demoA -->
